Determining if the pthread_create exist failed with the following output:
Change Dir: /home/lambda-ipi/Documents/metric_in_aom/aom/build/CMakeFiles/CMakeTmp

Run Build Command:"/usr/bin/make" "cmTC_cc32e/fast"
/usr/bin/make -f CMakeFiles/cmTC_cc32e.dir/build.make CMakeFiles/cmTC_cc32e.dir/build
make[1]: Entering directory '/home/lambda-ipi/Documents/metric_in_aom/aom/build/CMakeFiles/CMakeTmp'
Building C object CMakeFiles/cmTC_cc32e.dir/CheckSymbolExists.c.o
/usr/bin/cc    -o CMakeFiles/cmTC_cc32e.dir/CheckSymbolExists.c.o   -c /home/lambda-ipi/Documents/metric_in_aom/aom/build/CMakeFiles/CMakeTmp/CheckSymbolExists.c
Linking C executable cmTC_cc32e
/usr/bin/cmake -E cmake_link_script CMakeFiles/cmTC_cc32e.dir/link.txt --verbose=1
/usr/bin/cc      CMakeFiles/cmTC_cc32e.dir/CheckSymbolExists.c.o  -o cmTC_cc32e 
CMakeFiles/cmTC_cc32e.dir/CheckSymbolExists.c.o: In function `main':
CheckSymbolExists.c:(.text+0x1b): undefined reference to `pthread_create'
collect2: error: ld returned 1 exit status
CMakeFiles/cmTC_cc32e.dir/build.make:97: recipe for target 'cmTC_cc32e' failed
make[1]: *** [cmTC_cc32e] Error 1
make[1]: Leaving directory '/home/lambda-ipi/Documents/metric_in_aom/aom/build/CMakeFiles/CMakeTmp'
Makefile:126: recipe for target 'cmTC_cc32e/fast' failed
make: *** [cmTC_cc32e/fast] Error 2

File /home/lambda-ipi/Documents/metric_in_aom/aom/build/CMakeFiles/CMakeTmp/CheckSymbolExists.c:
/* */
#include <pthread.h>

int main(int argc, char** argv)
{
  (void)argv;
#ifndef pthread_create
  return ((int*)(&pthread_create))[argc];
#else
  (void)argc;
  return 0;
#endif
}

Determining if the function pthread_create exists in the pthreads failed with the following output:
Change Dir: /home/lambda-ipi/Documents/metric_in_aom/aom/build/CMakeFiles/CMakeTmp

Run Build Command:"/usr/bin/make" "cmTC_2b2b7/fast"
/usr/bin/make -f CMakeFiles/cmTC_2b2b7.dir/build.make CMakeFiles/cmTC_2b2b7.dir/build
make[1]: Entering directory '/home/lambda-ipi/Documents/metric_in_aom/aom/build/CMakeFiles/CMakeTmp'
Building C object CMakeFiles/cmTC_2b2b7.dir/CheckFunctionExists.c.o
/usr/bin/cc   -DCHECK_FUNCTION_EXISTS=pthread_create   -o CMakeFiles/cmTC_2b2b7.dir/CheckFunctionExists.c.o   -c /usr/share/cmake-3.10/Modules/CheckFunctionExists.c
Linking C executable cmTC_2b2b7
/usr/bin/cmake -E cmake_link_script CMakeFiles/cmTC_2b2b7.dir/link.txt --verbose=1
/usr/bin/cc  -DCHECK_FUNCTION_EXISTS=pthread_create    CMakeFiles/cmTC_2b2b7.dir/CheckFunctionExists.c.o  -o cmTC_2b2b7 -lpthreads 
/usr/bin/ld: cannot find -lpthreads
collect2: error: ld returned 1 exit status
CMakeFiles/cmTC_2b2b7.dir/build.make:97: recipe for target 'cmTC_2b2b7' failed
make[1]: *** [cmTC_2b2b7] Error 1
make[1]: Leaving directory '/home/lambda-ipi/Documents/metric_in_aom/aom/build/CMakeFiles/CMakeTmp'
Makefile:126: recipe for target 'cmTC_2b2b7/fast' failed
make: *** [cmTC_2b2b7/fast] Error 2


Performing C SOURCE FILE Test C_FLAG_SUPPORTED failed with the following output:
Change Dir: /home/lambda-ipi/Documents/metric_in_aom/aom/build/CMakeFiles/CMakeTmp

Run Build Command:"/usr/bin/make" "cmTC_0a7bf/fast"
/usr/bin/make -f CMakeFiles/cmTC_0a7bf.dir/build.make CMakeFiles/cmTC_0a7bf.dir/build
make[1]: Entering directory '/home/lambda-ipi/Documents/metric_in_aom/aom/build/CMakeFiles/CMakeTmp'
Building C object CMakeFiles/cmTC_0a7bf.dir/src.c.o
/usr/bin/cc   -DC_FLAG_SUPPORTED -fPIE   -Wextra-semi -o CMakeFiles/cmTC_0a7bf.dir/src.c.o   -c /home/lambda-ipi/Documents/metric_in_aom/aom/build/CMakeFiles/CMakeTmp/src.c
cc: error: unrecognized command line option '-Wextra-semi'; did you mean '-Wextra'?
CMakeFiles/cmTC_0a7bf.dir/build.make:65: recipe for target 'CMakeFiles/cmTC_0a7bf.dir/src.c.o' failed
make[1]: *** [CMakeFiles/cmTC_0a7bf.dir/src.c.o] Error 1
make[1]: Leaving directory '/home/lambda-ipi/Documents/metric_in_aom/aom/build/CMakeFiles/CMakeTmp'
Makefile:126: recipe for target 'cmTC_0a7bf/fast' failed
make: *** [cmTC_0a7bf/fast] Error 2

Source file was:
int main(void) { return 0; }
Performing C++ SOURCE FILE Test CXX_FLAG_SUPPORTED failed with the following output:
Change Dir: /home/lambda-ipi/Documents/metric_in_aom/aom/build/CMakeFiles/CMakeTmp

Run Build Command:"/usr/bin/make" "cmTC_01b64/fast"
/usr/bin/make -f CMakeFiles/cmTC_01b64.dir/build.make CMakeFiles/cmTC_01b64.dir/build
make[1]: Entering directory '/home/lambda-ipi/Documents/metric_in_aom/aom/build/CMakeFiles/CMakeTmp'
Building CXX object CMakeFiles/cmTC_01b64.dir/src.cxx.o
/usr/bin/c++    -DCXX_FLAG_SUPPORTED -fPIE   -Wextra-semi -o CMakeFiles/cmTC_01b64.dir/src.cxx.o -c /home/lambda-ipi/Documents/metric_in_aom/aom/build/CMakeFiles/CMakeTmp/src.cxx
c++: error: unrecognized command line option '-Wextra-semi'; did you mean '-Wextra'?
CMakeFiles/cmTC_01b64.dir/build.make:65: recipe for target 'CMakeFiles/cmTC_01b64.dir/src.cxx.o' failed
make[1]: *** [CMakeFiles/cmTC_01b64.dir/src.cxx.o] Error 1
make[1]: Leaving directory '/home/lambda-ipi/Documents/metric_in_aom/aom/build/CMakeFiles/CMakeTmp'
Makefile:126: recipe for target 'cmTC_01b64/fast' failed
make: *** [cmTC_01b64/fast] Error 2

Source file was:
int main() { return 0; }
Performing C SOURCE FILE Test C_FLAG_SUPPORTED failed with the following output:
Change Dir: /home/lambda-ipi/Documents/metric_in_aom/aom/build/CMakeFiles/CMakeTmp

Run Build Command:"/usr/bin/make" "cmTC_2332a/fast"
/usr/bin/make -f CMakeFiles/cmTC_2332a.dir/build.make CMakeFiles/cmTC_2332a.dir/build
make[1]: Entering directory '/home/lambda-ipi/Documents/metric_in_aom/aom/build/CMakeFiles/CMakeTmp'
Building C object CMakeFiles/cmTC_2332a.dir/src.c.o
/usr/bin/cc   -DC_FLAG_SUPPORTED -fPIE   -Wextra-semi-stmt -o CMakeFiles/cmTC_2332a.dir/src.c.o   -c /home/lambda-ipi/Documents/metric_in_aom/aom/build/CMakeFiles/CMakeTmp/src.c
cc: error: unrecognized command line option '-Wextra-semi-stmt'
CMakeFiles/cmTC_2332a.dir/build.make:65: recipe for target 'CMakeFiles/cmTC_2332a.dir/src.c.o' failed
make[1]: *** [CMakeFiles/cmTC_2332a.dir/src.c.o] Error 1
make[1]: Leaving directory '/home/lambda-ipi/Documents/metric_in_aom/aom/build/CMakeFiles/CMakeTmp'
Makefile:126: recipe for target 'cmTC_2332a/fast' failed
make: *** [cmTC_2332a/fast] Error 2

Source file was:
int main(void) { return 0; }
Performing C++ SOURCE FILE Test CXX_FLAG_SUPPORTED failed with the following output:
Change Dir: /home/lambda-ipi/Documents/metric_in_aom/aom/build/CMakeFiles/CMakeTmp

Run Build Command:"/usr/bin/make" "cmTC_a4b4b/fast"
/usr/bin/make -f CMakeFiles/cmTC_a4b4b.dir/build.make CMakeFiles/cmTC_a4b4b.dir/build
make[1]: Entering directory '/home/lambda-ipi/Documents/metric_in_aom/aom/build/CMakeFiles/CMakeTmp'
Building CXX object CMakeFiles/cmTC_a4b4b.dir/src.cxx.o
/usr/bin/c++    -DCXX_FLAG_SUPPORTED -fPIE   -Wextra-semi-stmt -o CMakeFiles/cmTC_a4b4b.dir/src.cxx.o -c /home/lambda-ipi/Documents/metric_in_aom/aom/build/CMakeFiles/CMakeTmp/src.cxx
c++: error: unrecognized command line option '-Wextra-semi-stmt'
CMakeFiles/cmTC_a4b4b.dir/build.make:65: recipe for target 'CMakeFiles/cmTC_a4b4b.dir/src.cxx.o' failed
make[1]: *** [CMakeFiles/cmTC_a4b4b.dir/src.cxx.o] Error 1
make[1]: Leaving directory '/home/lambda-ipi/Documents/metric_in_aom/aom/build/CMakeFiles/CMakeTmp'
Makefile:126: recipe for target 'cmTC_a4b4b/fast' failed
make: *** [cmTC_a4b4b/fast] Error 2

Source file was:
int main() { return 0; }
Performing C SOURCE FILE Test C_FLAG_SUPPORTED failed with the following output:
Change Dir: /home/lambda-ipi/Documents/metric_in_aom/aom/build/CMakeFiles/CMakeTmp

Run Build Command:"/usr/bin/make" "cmTC_e244d/fast"
/usr/bin/make -f CMakeFiles/cmTC_e244d.dir/build.make CMakeFiles/cmTC_e244d.dir/build
make[1]: Entering directory '/home/lambda-ipi/Documents/metric_in_aom/aom/build/CMakeFiles/CMakeTmp'
Building C object CMakeFiles/cmTC_e244d.dir/src.c.o
/usr/bin/cc   -DC_FLAG_SUPPORTED -fPIE   -Wshorten-64-to-32 -o CMakeFiles/cmTC_e244d.dir/src.c.o   -c /home/lambda-ipi/Documents/metric_in_aom/aom/build/CMakeFiles/CMakeTmp/src.c
cc: error: unrecognized command line option '-Wshorten-64-to-32'
CMakeFiles/cmTC_e244d.dir/build.make:65: recipe for target 'CMakeFiles/cmTC_e244d.dir/src.c.o' failed
make[1]: *** [CMakeFiles/cmTC_e244d.dir/src.c.o] Error 1
make[1]: Leaving directory '/home/lambda-ipi/Documents/metric_in_aom/aom/build/CMakeFiles/CMakeTmp'
Makefile:126: recipe for target 'cmTC_e244d/fast' failed
make: *** [cmTC_e244d/fast] Error 2

Source file was:
int main(void) { return 0; }
Performing C++ SOURCE FILE Test CXX_FLAG_SUPPORTED failed with the following output:
Change Dir: /home/lambda-ipi/Documents/metric_in_aom/aom/build/CMakeFiles/CMakeTmp

Run Build Command:"/usr/bin/make" "cmTC_405f0/fast"
/usr/bin/make -f CMakeFiles/cmTC_405f0.dir/build.make CMakeFiles/cmTC_405f0.dir/build
make[1]: Entering directory '/home/lambda-ipi/Documents/metric_in_aom/aom/build/CMakeFiles/CMakeTmp'
Building CXX object CMakeFiles/cmTC_405f0.dir/src.cxx.o
/usr/bin/c++    -DCXX_FLAG_SUPPORTED -fPIE   -Wshorten-64-to-32 -o CMakeFiles/cmTC_405f0.dir/src.cxx.o -c /home/lambda-ipi/Documents/metric_in_aom/aom/build/CMakeFiles/CMakeTmp/src.cxx
c++: error: unrecognized command line option '-Wshorten-64-to-32'
CMakeFiles/cmTC_405f0.dir/build.make:65: recipe for target 'CMakeFiles/cmTC_405f0.dir/src.cxx.o' failed
make[1]: *** [CMakeFiles/cmTC_405f0.dir/src.cxx.o] Error 1
make[1]: Leaving directory '/home/lambda-ipi/Documents/metric_in_aom/aom/build/CMakeFiles/CMakeTmp'
Makefile:126: recipe for target 'cmTC_405f0/fast' failed
make: *** [cmTC_405f0/fast] Error 2

Source file was:
int main() { return 0; }
Performing C SOURCE FILE Test C_FLAG_SUPPORTED failed with the following output:
Change Dir: /home/lambda-ipi/Documents/metric_in_aom/aom/build/CMakeFiles/CMakeTmp

Run Build Command:"/usr/bin/make" "cmTC_f5635/fast"
/usr/bin/make -f CMakeFiles/cmTC_f5635.dir/build.make CMakeFiles/cmTC_f5635.dir/build
make[1]: Entering directory '/home/lambda-ipi/Documents/metric_in_aom/aom/build/CMakeFiles/CMakeTmp'
Building C object CMakeFiles/cmTC_f5635.dir/src.c.o
/usr/bin/cc   -DC_FLAG_SUPPORTED -fPIE   -Wstring-conversion -o CMakeFiles/cmTC_f5635.dir/src.c.o   -c /home/lambda-ipi/Documents/metric_in_aom/aom/build/CMakeFiles/CMakeTmp/src.c
cc: error: unrecognized command line option '-Wstring-conversion'; did you mean '-Wint-conversion'?
CMakeFiles/cmTC_f5635.dir/build.make:65: recipe for target 'CMakeFiles/cmTC_f5635.dir/src.c.o' failed
make[1]: *** [CMakeFiles/cmTC_f5635.dir/src.c.o] Error 1
make[1]: Leaving directory '/home/lambda-ipi/Documents/metric_in_aom/aom/build/CMakeFiles/CMakeTmp'
Makefile:126: recipe for target 'cmTC_f5635/fast' failed
make: *** [cmTC_f5635/fast] Error 2

Source file was:
int main(void) { return 0; }
Performing C++ SOURCE FILE Test CXX_FLAG_SUPPORTED failed with the following output:
Change Dir: /home/lambda-ipi/Documents/metric_in_aom/aom/build/CMakeFiles/CMakeTmp

Run Build Command:"/usr/bin/make" "cmTC_9d36d/fast"
/usr/bin/make -f CMakeFiles/cmTC_9d36d.dir/build.make CMakeFiles/cmTC_9d36d.dir/build
make[1]: Entering directory '/home/lambda-ipi/Documents/metric_in_aom/aom/build/CMakeFiles/CMakeTmp'
Building CXX object CMakeFiles/cmTC_9d36d.dir/src.cxx.o
/usr/bin/c++    -DCXX_FLAG_SUPPORTED -fPIE   -Wstring-conversion -o CMakeFiles/cmTC_9d36d.dir/src.cxx.o -c /home/lambda-ipi/Documents/metric_in_aom/aom/build/CMakeFiles/CMakeTmp/src.cxx
c++: error: unrecognized command line option '-Wstring-conversion'; did you mean '-Wint-conversion'?
CMakeFiles/cmTC_9d36d.dir/build.make:65: recipe for target 'CMakeFiles/cmTC_9d36d.dir/src.cxx.o' failed
make[1]: *** [CMakeFiles/cmTC_9d36d.dir/src.cxx.o] Error 1
make[1]: Leaving directory '/home/lambda-ipi/Documents/metric_in_aom/aom/build/CMakeFiles/CMakeTmp'
Makefile:126: recipe for target 'cmTC_9d36d/fast' failed
make: *** [cmTC_9d36d/fast] Error 2

Source file was:
int main() { return 0; }
Performing C++ SOURCE FILE Test CXX_FLAG_SUPPORTED failed with the following output:
Change Dir: /home/lambda-ipi/Documents/metric_in_aom/aom/build/CMakeFiles/CMakeTmp

Run Build Command:"/usr/bin/make" "cmTC_19213/fast"
/usr/bin/make -f CMakeFiles/cmTC_19213.dir/build.make CMakeFiles/cmTC_19213.dir/build
make[1]: Entering directory '/home/lambda-ipi/Documents/metric_in_aom/aom/build/CMakeFiles/CMakeTmp'
Building CXX object CMakeFiles/cmTC_19213.dir/src.cxx.o
/usr/bin/c++    -DCXX_FLAG_SUPPORTED -fPIE   -Wc++14-extensions -o CMakeFiles/cmTC_19213.dir/src.cxx.o -c /home/lambda-ipi/Documents/metric_in_aom/aom/build/CMakeFiles/CMakeTmp/src.cxx
c++: error: unrecognized command line option '-Wc++14-extensions'; did you mean '-fms-extensions'?
CMakeFiles/cmTC_19213.dir/build.make:65: recipe for target 'CMakeFiles/cmTC_19213.dir/src.cxx.o' failed
make[1]: *** [CMakeFiles/cmTC_19213.dir/src.cxx.o] Error 1
make[1]: Leaving directory '/home/lambda-ipi/Documents/metric_in_aom/aom/build/CMakeFiles/CMakeTmp'
Makefile:126: recipe for target 'cmTC_19213/fast' failed
make: *** [cmTC_19213/fast] Error 2

Source file was:
int main() { return 0; }
Performing C++ SOURCE FILE Test CXX_FLAG_SUPPORTED failed with the following output:
Change Dir: /home/lambda-ipi/Documents/metric_in_aom/aom/build/CMakeFiles/CMakeTmp

Run Build Command:"/usr/bin/make" "cmTC_a986d/fast"
/usr/bin/make -f CMakeFiles/cmTC_a986d.dir/build.make CMakeFiles/cmTC_a986d.dir/build
make[1]: Entering directory '/home/lambda-ipi/Documents/metric_in_aom/aom/build/CMakeFiles/CMakeTmp'
Building CXX object CMakeFiles/cmTC_a986d.dir/src.cxx.o
/usr/bin/c++    -DCXX_FLAG_SUPPORTED -fPIE   -Wc++17-extensions -o CMakeFiles/cmTC_a986d.dir/src.cxx.o -c /home/lambda-ipi/Documents/metric_in_aom/aom/build/CMakeFiles/CMakeTmp/src.cxx
c++: error: unrecognized command line option '-Wc++17-extensions'; did you mean '-fms-extensions'?
CMakeFiles/cmTC_a986d.dir/build.make:65: recipe for target 'CMakeFiles/cmTC_a986d.dir/src.cxx.o' failed
make[1]: *** [CMakeFiles/cmTC_a986d.dir/src.cxx.o] Error 1
make[1]: Leaving directory '/home/lambda-ipi/Documents/metric_in_aom/aom/build/CMakeFiles/CMakeTmp'
Makefile:126: recipe for target 'cmTC_a986d/fast' failed
make: *** [cmTC_a986d/fast] Error 2

Source file was:
int main() { return 0; }
Performing C++ SOURCE FILE Test CXX_FLAG_SUPPORTED failed with the following output:
Change Dir: /home/lambda-ipi/Documents/metric_in_aom/aom/build/CMakeFiles/CMakeTmp

Run Build Command:"/usr/bin/make" "cmTC_faf55/fast"
/usr/bin/make -f CMakeFiles/cmTC_faf55.dir/build.make CMakeFiles/cmTC_faf55.dir/build
make[1]: Entering directory '/home/lambda-ipi/Documents/metric_in_aom/aom/build/CMakeFiles/CMakeTmp'
Building CXX object CMakeFiles/cmTC_faf55.dir/src.cxx.o
/usr/bin/c++    -DCXX_FLAG_SUPPORTED -fPIE   -Wc++20-extensions -o CMakeFiles/cmTC_faf55.dir/src.cxx.o -c /home/lambda-ipi/Documents/metric_in_aom/aom/build/CMakeFiles/CMakeTmp/src.cxx
c++: error: unrecognized command line option '-Wc++20-extensions'; did you mean '-fms-extensions'?
CMakeFiles/cmTC_faf55.dir/build.make:65: recipe for target 'CMakeFiles/cmTC_faf55.dir/src.cxx.o' failed
make[1]: *** [CMakeFiles/cmTC_faf55.dir/src.cxx.o] Error 1
make[1]: Leaving directory '/home/lambda-ipi/Documents/metric_in_aom/aom/build/CMakeFiles/CMakeTmp'
Makefile:126: recipe for target 'cmTC_faf55/fast' failed
make: *** [cmTC_faf55/fast] Error 2

Source file was:
int main() { return 0; }
